Arguments: 
  C:\Program Files\nodejs\node.exe C:\Users\ACER\AppData\Roaming\npm\node_modules\yarn\bin\yarn.js

PATH: 
  C:\Program Files\Python310\Scripts\;C:\Program Files\Python310\;C:\Program Files\Common Files\Oracle\Java\javapath;C:\WINDOWS\system32;C:\WINDOWS;C:\WINDOWS\System32\Wbem;C:\WINDOWS\System32\WindowsPowerShell\v1.0\;C:\WINDOWS\System32\OpenSSH\;C:\Program Files\nodejs\;C:\Program Files (x86)\NVIDIA Corporation\PhysX\Common;C:\Program Files\NVIDIA Corporation\NVIDIA NvDLISR;C:\MinGW\bin;C:\Program Files\Java\jdk-18.0.1\bin;C:\Program Files\dotnet\;C:\Program Files\Git\cmd;C:\Program Files (x86)\Microsoft SQL Server\160\Tools\Binn\;C:\Program Files\Microsoft SQL Server\160\Tools\Binn\;C:\Program Files\Microsoft SQL Server\Client SDK\ODBC\170\Tools\Binn\;C:\Program Files\Microsoft SQL Server\160\DTS\Binn\;C:\Users\ACER\AppData\Local\Programs\Eclipse Adoptium\jdk-17.0.2.8-hotspot\bin;C:\Users\ACER\AppData\Local\Microsoft\WindowsApps;C:\Users\ACER\AppData\Local\Programs\Microsoft VS Code\bin;C:\Users\ACER\AppData\Roaming\npm;C:\Users\ACER\.dotnet\tools;C:\Users\ACER\AppData\Local\GitHubDesktop\bin

Yarn version: 
  1.22.19

Node version: 
  16.14.2

Platform: 
  win32 x64

Trace: 
  Error: EPERM: operation not permitted, unlink 'C:\Users\ACER\OneDrive\Documentos\GitHub\template-landing\node_modules\@esbuild\win32-x64\esbuild.exe'

npm manifest: 
  {
    "name": "template-landing",
    "description": "This is a boilerplate build with Vite, React 18, TypeScript, Vitest, Testing Library, TailwindCSS 3, Eslint and Prettier.",
    "version": "0.1.0",
    "private": true,
    "scripts": {
      "dev": "vite",
      "build": "tsc && vite build",
      "serve": "vite preview",
      "test": "vitest",
      "test:ui": "vitest --ui",
      "lint": "eslint src --max-warnings=0",
      "typecheck": "tsc --project tsconfig.json --noEmit"
    },
    "dependencies": {
      "@chakra-ui/icons": "^2.0.18",
      "@chakra-ui/react": "^2.5.5",
      "@emotion/react": "^11.10.6",
      "@emotion/styled": "^11.10.6",
      "@fontsource/aleo": "^4.5.9",
      "@fontsource/alex-brush": "^4.5.10",
      "@fontsource/fira-sans": "^4.5.10",
      "@fontsource/hanuman": "^4.5.11",
      "@fontsource/open-sans": "^4.5.14",
      "@fontsource/oxygen": "^4.5.9",
      "@types/react-router-dom": "^5.3.3",
      "@types/react-slick": "^0.23.10",
      "framer-motion": "^10.11.6",
      "react": "^18.2.0",
      "react-dom": "^18.2.0",
      "react-icons": "^4.8.0",
      "react-router-dom": "^6.10.0",
      "react-slick": "^0.29.0"
    },
    "devDependencies": {
      "@babel/core": "^7.20.12",
      "@babel/preset-env": "^7.20.2",
      "@babel/preset-react": "^7.18.6",
      "@babel/preset-typescript": "^7.18.6",
      "@testing-library/jest-dom": "^5.16.5",
      "@testing-library/react": "^13.4.0",
      "@types/express": "^4.17.17",
      "@types/multer": "^1.4.7",
      "@types/node": "^18.11.18",
      "@types/react": "^18.0.27",
      "@types/react-dom": "^18.0.10",
      "@types/testing-library__jest-dom": "^5.14.5",
      "@typescript-eslint/eslint-plugin": "^5.49.0",
      "@typescript-eslint/parser": "^5.49.0",
      "@vitejs/plugin-react": "^3.0.1",
      "@vitest/ui": "^0.28.4",
      "autoprefixer": "^10.4.13",
      "eslint": "^8.32.0",
      "eslint-config-prettier": "^8.6.0",
      "eslint-plugin-prettier": "^4.2.1",
      "eslint-plugin-react": "^7.32.1",
      "eslint-plugin-react-hooks": "^4.6.0",
      "eslint-plugin-tailwindcss": "^3.8.2",
      "happy-dom": "^8.2.4",
      "postcss": "^8.4.21",
      "prettier": "2.8.3",
      "tailwindcss": "^3.2.4",
      "typescript": "^4.9.5",
      "vite": "^4.0.4",
      "vite-tsconfig-paths": "^4.0.5",
      "vitest": "^0.28.4"
    }
  }

yarn manifest: 
  No manifest

Lockfile: 
  No lockfile
